<?xml version="1.0" encoding="UTF-8"?>
<testsuite name="com.greglski.converter.io.SequenceCheckerTestSuite" tests="2" skipped="0" failures="0" errors="0" timestamp="2018-05-06T07:59:06" hostname="T520-Lenovo" time="0.018">
  <properties/>
  <testcase name="testCheckSequencePP" classname="com.greglski.converter.io.SequenceCheckerTestSuite" time="0.017"/>
  <testcase name="testCheckSequenceFPP" classname="com.greglski.converter.io.SequenceCheckerTestSuite" time="0.0"/>
  <system-out><![CDATA[]]></system-out>
  <system-err><![CDATA[]]></system-err>
</testsuite>
